<?xml version="1.0" encoding="UTF-8"?>
<!-- Generated by org.testng.reporters.JUnitReportReporter -->
<testsuite skipped="0" hostname="Mithuns-Mac-mini.local" name="com.crm.qa.testcases.LoginPageTest" tests="3" failures="0" timestamp="16 Oct 2018 19:44:51 GMT" time="37.349" errors="0">
  <testcase name="LoginTest" time="17.901" classname="com.crm.qa.testcases.LoginPageTest"/>
  <testcase name="loginPageTitleTest" time="9.129" classname="com.crm.qa.testcases.LoginPageTest"/>
  <testcase name="crmLogoImageTest" time="10.319" classname="com.crm.qa.testcases.LoginPageTest"/>
</testsuite> <!-- com.crm.qa.testcases.LoginPageTest -->
