<?xml version="1.0" encoding="UTF-8"?>
<!-- Generated by org.testng.reporters.JUnitReportReporter -->
<testsuite skipped="0" hostname="Mithuns-Mac-mini.local" name="com.crm.qa.testcases.LoginPageTest" tests="3" failures="0" timestamp="25 Oct 2018 19:08:05 GMT" time="34.795" errors="0">
  <testcase name="LoginTest" time="14.882" classname="com.crm.qa.testcases.LoginPageTest"/>
  <testcase name="loginPageTitleTest" time="10.942" classname="com.crm.qa.testcases.LoginPageTest"/>
  <testcase name="crmLogoImageTest" time="8.971" classname="com.crm.qa.testcases.LoginPageTest"/>
</testsuite> <!-- com.crm.qa.testcases.LoginPageTest -->
