<?xml version="1.0" encoding="UTF-8"?>
<!-- Generated by org.testng.reporters.JUnitReportReporter -->
<testsuite skipped="0" hostname="Mithuns-Mac-mini.local" name="com.crm.qa.testcases.LoginPageTest" tests="3" failures="0" timestamp="26 Oct 2018 09:13:14 GMT" time="34.433" errors="0">
  <testcase name="LoginTest" time="16.155" classname="com.crm.qa.testcases.LoginPageTest"/>
  <testcase name="loginPageTitleTest" time="9.122" classname="com.crm.qa.testcases.LoginPageTest"/>
  <testcase name="crmLogoImageTest" time="9.156" classname="com.crm.qa.testcases.LoginPageTest"/>
</testsuite> <!-- com.crm.qa.testcases.LoginPageTest -->
